[debug] > Exec(;reload; set _root_.org.jetbrains.sbt.StructureKeys.sbtStructureOptions in Global := "download resolveClassifiers resolveSbtClassifiers" ;*/*:dumpStructureTo C:/Users/user/AppData/Local/Temp/sbt-structure.xml; session clear-all ; set ideaPort in Global := 54826, None, None)
[debug] > Exec(reload, None, None)
[debug] > Exec(sbtStashOnFailure, None, None)
[debug] > Exec(onFailure loadFailed, None, None)
[debug] > Exec(loadp, None, None)
[info] welcome to sbt 1.5.5 (Oracle Corporation Java 16.0.1)
[debug]       Load.loadUnit: plugins took 14.616699ms
[debug]       Load.loadUnit: defsScala took 0.0036ms
[debug] [Loading] Scanning directory C:\Users\user\.sbt\1.0\plugins
[debug] [Loading] Found non-root projects 
[debug] [Loading] Done in C:\Users\user\.sbt\1.0\plugins, returning: ()
[debug] deducing auto plugins based on known facts Set(Atom(sbt.plugins.CorePlugin)) and clauses Clauses(Clause(Atom(sbt.plugins.JvmPlugin),Set(Atom(sbt.plugins.IvyPlugin)))
[debug] Clause(Atom(sbt.ScriptedPlugin),Set(Atom(sbt.plugins.JvmPlugin)))
[debug] Clause(Atom(sbt.plugins.SbtPlugin),Set(Atom(sbt.ScriptedPlugin)))
[debug] Clause(Atom(sbt.plugins.SemanticdbPlugin),Set(Atom(sbt.plugins.JvmPlugin)))
[debug] Clause(Atom(sbt.plugins.JUnitXmlReportPlugin),Set(Atom(sbt.plugins.JvmPlugin)))
[debug] Clause(Atom(sbt.plugins.MiniDependencyTreePlugin),Set(Atom(sbt.plugins.JvmPlugin)))
[debug] Clause(Atom(sbt.plugins.CorePlugin),Set(Atom(sbt.plugins.IvyPlugin)))
[debug] Clause(Atom(sbt.plugins.IvyPlugin),Set(Atom(sbt.plugins.JvmPlugin)))
[debug] Clause(Atom(sbt.plugins.JvmPlugin),Set(Atom(sbt.plugins.SemanticdbPlugin)))
[debug] Clause(Atom(sbt.plugins.JvmPlugin),Set(Atom(sbt.plugins.JUnitXmlReportPlugin)))
[debug] Clause(Atom(sbt.plugins.CorePlugin),Set(Atom(sbt.plugins.Giter8TemplatePlugin)))
[debug] Clause(Atom(sbt.plugins.JvmPlugin),Set(Atom(sbt.plugins.MiniDependencyTreePlugin))))
[debug]   :: deduced result: Matched(sbt.plugins.CorePlugin,sbt.plugins.Giter8TemplatePlugin,sbt.plugins.IvyPlugin,sbt.plugins.JvmPlugin,sbt.plugins.MiniDependencyTreePlugin,sbt.plugins.JUnitXmlReportPlugin,sbt.plugins.SemanticdbPlugin)
[debug] Plugins.deducer#function took 0.5409 ms
[debug]           Load.resolveProject(global-plugins) took 0.4656ms
[debug]         Load.loadTransitive: finalizeProject(Project(id global-plugins, base: C:\Users\user\.sbt\1.0\plugins, plugins: List(<none>))) took 1.1596ms
[debug] [Loading] Done in C:\Users\user\.sbt\1.0\plugins, returning: (global-plugins)
[debug]       Load.loadUnit: loadedProjectsRaw took 1.6012ms
[debug]       Load.loadUnit: cleanEvalClasses took 0.0043ms
[debug]     Load.loadUnit(file:/C:/Users/user/.sbt/1.0/plugins/, ...) took 21.8401ms
[debug]   Load.apply: load took 22.374501ms
[debug]   Load.apply: resolveProjects took 0.0462ms
[debug]   Load.apply: finalTransforms took 3.043499ms
[debug]   Load.apply: config.delegates took 0.1108ms
[debug]   Load.apply: Def.make(settings)... took 25.7575ms
[debug]   Load.apply: structureIndex took 7.2758ms
[debug]   Load.apply: mkStreams took 0.002301ms
[info] loading global plugins from C:\Users\user\.sbt\1.0\plugins
[debug] Running task... Cancel: Signal, check cycles: false, forcegc: true
[debug] Load.defaultLoad until apply took 155.628401ms
[debug]           Load.loadUnit: plugins took 13.855299ms
[debug]           Load.loadUnit: defsScala took 0.001801ms
[debug] [Loading] Scanning directory C:\Users\user\JSON\project
[debug]             Load.loadUnit: mkEval took 0.1858ms
[debug] [Loading] Found non-root projects 
[debug] [Loading] Done in C:\Users\user\JSON\project, returning: ()
[debug] deducing auto plugins based on known facts Set(Atom(sbt.plugins.CorePlugin)) and clauses Clauses(Clause(Atom(sbt.plugins.JvmPlugin),Set(Atom(sbt.plugins.IvyPlugin)))
[debug] Clause(Atom(sbt.ScriptedPlugin),Set(Atom(sbt.plugins.JvmPlugin)))
[debug] Clause(Atom(sbt.plugins.SbtPlugin),Set(Atom(sbt.ScriptedPlugin)))
[debug] Clause(Atom(sbt.plugins.SemanticdbPlugin),Set(Atom(sbt.plugins.JvmPlugin)))
[debug] Clause(Atom(sbt.plugins.JUnitXmlReportPlugin),Set(Atom(sbt.plugins.JvmPlugin)))
[debug] Clause(Atom(sbt.plugins.MiniDependencyTreePlugin),Set(Atom(sbt.plugins.JvmPlugin)))
[debug] Clause(Atom(sbt.plugins.CorePlugin),Set(Atom(sbt.plugins.IvyPlugin)))
[debug] Clause(Atom(sbt.plugins.IvyPlugin),Set(Atom(sbt.plugins.JvmPlugin)))
[debug] Clause(Atom(sbt.plugins.JvmPlugin),Set(Atom(sbt.plugins.SemanticdbPlugin)))
[debug] Clause(Atom(sbt.plugins.JvmPlugin),Set(Atom(sbt.plugins.JUnitXmlReportPlugin)))
[debug] Clause(Atom(sbt.plugins.CorePlugin),Set(Atom(sbt.plugins.Giter8TemplatePlugin)))
[debug] Clause(Atom(sbt.plugins.JvmPlugin),Set(Atom(sbt.plugins.MiniDependencyTreePlugin))))
[debug]   :: deduced result: Matched(sbt.plugins.CorePlugin,sbt.plugins.Giter8TemplatePlugin,sbt.plugins.IvyPlugin,sbt.plugins.JvmPlugin,sbt.plugins.MiniDependencyTreePlugin,sbt.plugins.JUnitXmlReportPlugin,sbt.plugins.SemanticdbPlugin)
[debug] Plugins.deducer#function took 0.5057 ms
[info] loading settings for project json-build from idea7.sbt ...
[debug]               Load.resolveProject(json-build) took 0.788301ms
[debug]             Load.loadTransitive: finalizeProject(Project(id json-build, base: C:\Users\user\JSON\project, plugins: List(<none>))) took 1.4739ms
[debug] [Loading] Done in C:\Users\user\JSON\project, returning: (json-build)
[debug]           Load.loadUnit: loadedProjectsRaw took 10.3961ms
[debug]           Load.loadUnit: cleanEvalClasses took 1.7557ms
[debug]         Load.loadUnit(file:/C:/Users/user/JSON/project/, ...) took 26.338ms
[debug]       Load.apply: load took 26.9252ms
[debug]       Load.apply: resolveProjects took 0.045999ms
[debug]       Load.apply: finalTransforms took 2.941701ms
[debug]       Load.apply: config.delegates took 0.1173ms
[debug]       Load.apply: Def.make(settings)... took 20.3158ms
[debug]       Load.apply: structureIndex took 6.9902ms
[debug]       Load.apply: mkStreams took 0.0018ms
[info] loading project definition from C:\Users\user\JSON\project
[debug] Running task... Cancel: Signal, check cycles: false, forcegc: true
[debug]     Load.loadUnit: plugins took 132.1012ms
[debug]     Load.loadUnit: defsScala took 0.002001ms
[debug] [Loading] Scanning directory C:\Users\user\JSON
[debug]       Load.loadUnit: mkEval took 0.2005ms
[debug] [Loading] Found non-root projects 
[debug] [Loading] Done in C:\Users\user\JSON, returning: ()
[debug] deducing auto plugins based on known facts Set(Atom(sbt.plugins.CorePlugin)) and clauses Clauses(Clause(Atom(sbt.plugins.JvmPlugin),Set(Atom(sbt.plugins.IvyPlugin)))
[debug] Clause(Atom(sbt.ScriptedPlugin),Set(Atom(sbt.plugins.JvmPlugin)))
[debug] Clause(Atom(sbt.plugins.SbtPlugin),Set(Atom(sbt.ScriptedPlugin)))
[debug] Clause(Atom(sbt.plugins.SemanticdbPlugin),Set(Atom(sbt.plugins.JvmPlugin)))
[debug] Clause(Atom(sbt.plugins.JUnitXmlReportPlugin),Set(Atom(sbt.plugins.JvmPlugin)))
[debug] Clause(Atom(sbt.plugins.MiniDependencyTreePlugin),Set(Atom(sbt.plugins.JvmPlugin)))
[debug] Clause(Atom(org.jetbrains.sbt.StructurePlugin),Set(Atom(sbt.plugins.JvmPlugin)))
[debug] Clause(Atom(org.jetbrains.sbt.IdeaShellPlugin),Set(Atom(sbt.plugins.JvmPlugin)))
[debug] Clause(Atom(org.jetbrains.sbt.indices.SbtIntellijIndicesPlugin),Set(Atom(sbt.plugins.JvmPlugin)))
[debug] Clause(Atom(sbt.plugins.CorePlugin),Set(Atom(sbt.plugins.IvyPlugin)))
[debug] Clause(Atom(sbt.plugins.IvyPlugin),Set(Atom(sbt.plugins.JvmPlugin)))
[debug] Clause(Atom(sbt.plugins.JvmPlugin),Set(Atom(sbt.plugins.SemanticdbPlugin)))
[debug] Clause(Atom(sbt.plugins.JvmPlugin),Set(Atom(sbt.plugins.JUnitXmlReportPlugin)))
[debug] Clause(Atom(sbt.plugins.CorePlugin),Set(Atom(sbt.plugins.Giter8TemplatePlugin)))
[debug] Clause(Atom(sbt.plugins.JvmPlugin),Set(Atom(sbt.plugins.MiniDependencyTreePlugin)))
[debug] Clause(Atom(sbt.plugins.JvmPlugin),Set(Atom(org.jetbrains.sbt.StructurePlugin)))
[debug] Clause(Atom(sbt.plugins.JvmPlugin),Set(Atom(org.jetbrains.sbt.IdeaShellPlugin)))
[debug] Clause(And(Set(Atom(sbt.plugins.CorePlugin), Atom(sbt.plugins.JvmPlugin))),Set(Atom(org.jetbrains.sbt.indices.SbtIntellijIndicesPlugin))))
[debug]   :: deduced result: Matched(sbt.plugins.CorePlugin,sbt.plugins.Giter8TemplatePlugin,sbt.plugins.IvyPlugin,sbt.plugins.JvmPlugin,sbt.plugins.SemanticdbPlugin,org.jetbrains.sbt.indices.SbtIntellijIndicesPlugin,sbt.plugins.JUnitXmlReportPlugin,org.jetbrains.sbt.IdeaShellPlugin,org.jetbrains.sbt.StructurePlugin,sbt.plugins.MiniDependencyTreePlugin)
[debug] Plugins.deducer#function took 1.1515 ms
[info] loading settings for project json from build.sbt ...
[debug]         Load.resolveProject(json) took 16.124699ms
[debug]       Load.loadTransitive: finalizeProject(Project(id json, base: C:\Users\user\JSON, plugins: List(<none>))) took 17.5804ms
[debug] [Loading] Done in C:\Users\user\JSON, returning: (json)
[debug]     Load.loadUnit: loadedProjectsRaw took 44.018801ms
[debug]     Load.loadUnit: cleanEvalClasses took 8.7451ms
[debug]   Load.loadUnit(file:/C:/Users/user/JSON/, ...) took 185.368399ms
[debug] Load.apply: load took 186.3322ms
[debug] Load.apply: resolveProjects took 0.0546ms
[debug] Load.apply: finalTransforms took 9.316001ms
[debug] Load.apply: config.delegates took 0.1428ms
[debug] Load.apply: Def.make(settings)... took 25.3375ms
[debug] Load.apply: structureIndex took 7.5513ms
[debug] Load.apply: mkStreams took 0.001599ms
[warn] Discarding 1 session setting.  Use 'session save' to persist session settings.
[info] set current project to JSON (in build file:/C:/Users/user/JSON/)
[debug] > Exec(sbtPopOnFailure, None, None)
[debug] > Exec(resumeFromFailure, None, None)
[debug] > Exec(set _root_.org.jetbrains.sbt.StructureKeys.sbtStructureOptions in Global := "download resolveClassifiers resolveSbtClassifiers", None, None)
[info] Defining Global / sbtStructureOptions
[info] The new value will be used by Global / ssOptions
[debug] Defining 
[debug] 	Global / sbtStructureOptions
[debug] 
[debug] The new value will be used by 
[debug] 	Global / ssOptions
[info] Reapplying settings...
[info] set current project to JSON (in build file:/C:/Users/user/JSON/)
[debug] > Exec(*/*:dumpStructureTo C:/Users/user/AppData/Local/Temp/sbt-structure.xml, None, None)
[debug] Evaluating tasks: Global / dumpStructureTo
[warn] sbt 0.13 shell syntax is deprecated; use slash syntax instead: Global / dumpStructureTo
[debug] Running task... Cancel: Signal, check cycles: false, forcegc: true
[warn] Unrecognized repository Scala Plugin Bundled Repository, ignoring it
[warn] Unrecognized repository Scala Plugin Bundled Repository, ignoring it
[info] Writing structure to C:\Users\user\AppData\Local\Temp\sbt-structure.xml...
[info] Done.
[success] Total time: 1 s, completed 17 июл. 2021 г., 00:07:32
[debug] > Exec(session clear-all, None, None)
[info] Reapplying settings...
[info] set current project to JSON (in build file:/C:/Users/user/JSON/)
[debug] > Exec(set ideaPort in Global := 54826, None, None)
[info] Defining Global / ideaPort
[info] The new value will be used by Compile / compile, Test / compile
[debug] Defining 
[debug] 	Global / ideaPort
[debug] 
[debug] The new value will be used by 
[debug] 	Compile / compile
[debug] 	Test / compile
[info] Reapplying settings...
[info] set current project to JSON (in build file:/C:/Users/user/JSON/)
[debug] > Exec(idea-shell, None, None)
[debug] > Exec(, None, None)
[debug] > Exec(idea-shell, None, None)
